<?xml version="1.0" encoding="utf-8"?><testsuites name="pytest tests"><testsuite name="pytest" errors="0" failures="2" skipped="0" tests="21" time="1.815" timestamp="2026-07-16T07:51:22.277086+00:00" hostname="agent-env-9183cff6-8f01-47c7-90dd-b9bd088954b5"><testcase classname="tests.backend_test.TestRegister" name="test_register_returns_tokens_and_user" time="0.407" /><testcase classname="tests.backend_test.TestRegister" name="test_register_cannot_self_elevate_to_admin" time="0.044" /><testcase classname="tests.backend_test.TestRefreshAndLogout" name="test_refresh_success" time="0.463"><failure message="AssertionError: assert 'eyJhbGciOiJIUzI1NiIsInR5cCI6IkpXVCJ9.eyJ1c2VySWQiOiI2YTU4OGQ3YmY3YTM5ZTMzZjcyN2FjNGQiLCJyb2xlIjoidXNlciIsImtpbmQiOiJyZWZyZXNoIiwiaWF0IjoxNzg0MTg4MjgzLCJleHAiOjE3ODQ3OTMwODN9.iGQSjA-SulxegqnK212DUmGhCT4TNiDzIxhLvIokqkM' != 'eyJhbGciOiJIUzI1NiIsInR5cCI6IkpXVCJ9.eyJ1c2VySWQiOiI2YTU4OGQ3YmY3YTM5ZTMzZjcyN2FjNGQiLCJyb2xlIjoidXNlciIsImtpbmQiOiJyZWZyZXNoIiwiaWF0IjoxNzg0MTg4MjgzLCJleHAiOjE3ODQ3OTMwODN9.iGQSjA-SulxegqnK212DUmGhCT4TNiDzIxhLvIokqkM'">backend_test.py:210: in test_refresh_success
    assert new_data["refreshToken"] != old_refresh
E   AssertionError: assert 'eyJhbGciOiJIUzI1NiIsInR5cCI6IkpXVCJ9.eyJ1c2VySWQiOiI2YTU4OGQ3YmY3YTM5ZTMzZjcyN2FjNGQiLCJyb2xlIjoidXNlciIsImtpbmQiOiJyZWZyZXNoIiwiaWF0IjoxNzg0MTg4MjgzLCJleHAiOjE3ODQ3OTMwODN9.iGQSjA-SulxegqnK212DUmGhCT4TNiDzIxhLvIokqkM' != 'eyJhbGciOiJIUzI1NiIsInR5cCI6IkpXVCJ9.eyJ1c2VySWQiOiI2YTU4OGQ3YmY3YTM5ZTMzZjcyN2FjNGQiLCJyb2xlIjoidXNlciIsImtpbmQiOiJyZWZyZXNoIiwiaWF0IjoxNzg0MTg4MjgzLCJleHAiOjE3ODQ3OTMwODN9.iGQSjA-SulxegqnK212DUmGhCT4TNiDzIxhLvIokqkM'</failure></testcase><testcase classname="tests.backend_test.TestRegister" name="test_register_duplicate_email_rejected" time="0.048" /><testcase classname="tests.backend_test.TestRefreshAndLogout" name="test_refresh_with_old_revoked_token_401" time="0.099"><failure message="assert 200 == 401&#10; +  where 200 = &lt;Response [200]&gt;.status_code">backend_test.py:230: in test_refresh_with_old_revoked_token_401
    assert r2.status_code == 401
E   assert 200 == 401
E    +  where 200 = &lt;Response [200]&gt;.status_code</failure></testcase><testcase classname="tests.backend_test.TestRegister" name="test_register_invalid_email_400" time="0.041" /><testcase classname="tests.backend_test.TestRegister" name="test_register_short_password_400" time="0.042" /><testcase classname="tests.backend_test.TestLogin" name="test_login_success" time="0.126" /><testcase classname="tests.backend_test.TestRefreshAndLogout" name="test_refresh_with_garbage_token_401" time="0.040" /><testcase classname="tests.backend_test.TestRefreshAndLogout" name="test_refresh_without_body_400" time="0.078" /><testcase classname="tests.backend_test.TestRefreshAndLogout" name="test_logout_revokes_refresh" time="0.134" /><testcase classname="tests.backend_test.TestLogin" name="test_login_wrong_password_401" time="0.128" /><testcase classname="tests.backend_test.TestLogin" name="test_login_unknown_email_401" time="0.044" /><testcase classname="tests.backend_test.TestMe" name="test_me_requires_token" time="0.041" /><testcase classname="tests.backend_test.TestMe" name="test_me_with_token_returns_user" time="0.043" /><testcase classname="tests.backend_test.TestMe" name="test_me_with_invalid_token_401" time="0.072" /><testcase classname="tests.backend_test.TestHealth" name="test_health_ok" time="0.039" /><testcase classname="tests.backend_test.TestLogin" name="test_admin_login_role_admin" time="0.118" /><testcase classname="tests.backend_test.TestRoleMiddleware" name="test_admin_dashboard_no_token_401" time="0.041" /><testcase classname="tests.backend_test.TestRoleMiddleware" name="test_admin_dashboard_user_token_403" time="0.156" /><testcase classname="tests.backend_test.TestRoleMiddleware" name="test_admin_dashboard_admin_token_200" time="0.046" /></testsuite></testsuites>